<?xml version="1.0" encoding="UTF-8"?>
<testng-results skipped="0" failed="1" ignored="0" total="4" passed="3">
  <reporter-output>
    <line>
      <![CDATA[title matching]]>
    </line>
    <line>
      <![CDATA[title matching]]>
    </line>
    <line>
      <![CDATA[title matching]]>
    </line>
    <line>
      <![CDATA[element displayed]]>
    </line>
    <line>
      <![CDATA[title matching]]>
    </line>
    <line>
      <![CDATA[element displayed]]>
    </line>
    <line>
      <![CDATA[element displayed]]>
    </line>
  </reporter-output>
  <suite name="Suite" duration-ms="44162" started-at="2018-11-23T03:04:36Z" finished-at="2018-11-23T03:05:20Z">
    <groups>
      <group name="login">
        <method signature="login.loginscript()[pri:0, instance:Scripts.login@7e2d773b]" name="loginscript" class="Scripts.login"/>
        <method signature="login.loginscript()[pri:0, instance:Scripts.login@45820e51]" name="loginscript" class="Scripts.login"/>
      </group> <!-- login -->
      <group name="home">
        <method signature="Users.test3()[pri:0, instance:Scripts.Users@2173f6d9]" name="test3" class="Scripts.Users"/>
        <method signature="Users.test3()[pri:0, instance:Scripts.Users@42d8062c]" name="test3" class="Scripts.Users"/>
      </group> <!-- home -->
    </groups>
    <test name="firefoxTest" duration-ms="37157" started-at="2018-11-23T03:04:36Z" finished-at="2018-11-23T03:05:13Z">
      <class name="Scripts.login">
        <test-method status="PASS" signature="beforemethod(java.lang.String)[pri:0, instance:Scripts.login@45820e51]" name="beforemethod" is-config="true" duration-ms="15812" started-at="2018-11-23T03:04:36Z" finished-at="2018-11-23T03:04:52Z">
          <params>
            <param index="0">
              <value>
                <![CDATA[firefox]]>
              </value>
            </param>
          </params>
          <reporter-output>
          </reporter-output>
        </test-method> <!-- beforemethod -->
        <test-method status="PASS" signature="loginscript()[pri:0, instance:Scripts.login@45820e51]" name="loginscript" duration-ms="1876" started-at="2018-11-23T03:04:52Z" finished-at="2018-11-23T03:04:54Z">
          <reporter-output>
            <line>
              <![CDATA[title matching]]>
            </line>
          </reporter-output>
        </test-method> <!-- loginscript -->
        <test-method status="PASS" signature="aftermethod(org.testng.ITestResult)[pri:0, instance:Scripts.login@45820e51]" name="aftermethod" is-config="true" duration-ms="1624" started-at="2018-11-23T03:04:54Z" finished-at="2018-11-23T03:04:56Z">
          <params>
            <param index="0">
              <value>
                <![CDATA[[TestResult name=loginscript status=SUCCESS method=login.loginscript()[pri:0, instance:Scripts.login@45820e51] output=title matching]]]>
              </value>
            </param>
          </params>
          <reporter-output>
          </reporter-output>
        </test-method> <!-- aftermethod -->
      </class> <!-- Scripts.login -->
      <class name="Scripts.Users">
        <test-method status="PASS" signature="beforemethod(java.lang.String)[pri:0, instance:Scripts.Users@42d8062c]" name="beforemethod" is-config="true" duration-ms="13808" started-at="2018-11-23T03:04:56Z" finished-at="2018-11-23T03:05:09Z">
          <params>
            <param index="0">
              <value>
                <![CDATA[firefox]]>
              </value>
            </param>
          </params>
          <reporter-output>
          </reporter-output>
        </test-method> <!-- beforemethod -->
        <test-method status="FAIL" signature="test3()[pri:0, instance:Scripts.Users@42d8062c]" name="test3" duration-ms="2683" started-at="2018-11-23T03:05:09Z" finished-at="2018-11-23T03:05:12Z">
          <exception class="org.openqa.selenium.ElementClickInterceptedException">
            <message>
              <![CDATA[Element <a class="content users" href="/administration/userlist.do"> is not clickable at point (704.5,41.5) because another element <div id="preInsertedTransformedMoireId" class="transformedMoireClass"> obscures it
Build info: version: '3.14.0', revision: 'aacccce0', time: '2018-08-02T20:13:22.693Z'
System info: host: 'ADMIN-PC', ip: '192.168.1.3', os.name: 'Windows 7', os.arch: 'amd64', os.version: '6.1', java.version: '1.8.0_131'
Driver info: org.openqa.selenium.firefox.FirefoxDriver
Capabilities {acceptInsecureCerts: true, browserName: firefox, browserVersion: 62.0.3, javascriptEnabled: true, moz:accessibilityChecks: false, moz:geckodriverVersion: 0.23.0, moz:headless: false, moz:processID: 924, moz:profile: C:\Users\Faculty-pc\AppData..., moz:useNonSpecCompliantPointerOrigin: false, moz:webdriverClick: true, pageLoadStrategy: normal, platform: XP, platformName: XP, platformVersion: 6.1, rotatable: false, timeouts: {implicit: 0, pageLoad: 300000, script: 30000}}
Session ID: e8bda4aa-4f3f-4f8e-9f93-bf2d575a1eb0]]>
            </message>
            <full-stacktrace>
              <![CDATA[org.openqa.selenium.ElementClickInterceptedException: Element <a class="content users" href="/administration/userlist.do"> is not clickable at point (704.5,41.5) because another element <div id="preInsertedTransformedMoireId" class="transformedMoireClass"> obscures it
Build info: version: '3.14.0', revision: 'aacccce0', time: '2018-08-02T20:13:22.693Z'
System info: host: 'ADMIN-PC', ip: '192.168.1.3', os.name: 'Windows 7', os.arch: 'amd64', os.version: '6.1', java.version: '1.8.0_131'
Driver info: org.openqa.selenium.firefox.FirefoxDriver
Capabilities {acceptInsecureCerts: true, browserName: firefox, browserVersion: 62.0.3, javascriptEnabled: true, moz:accessibilityChecks: false, moz:geckodriverVersion: 0.23.0, moz:headless: false, moz:processID: 924, moz:profile: C:\Users\Faculty-pc\AppData..., moz:useNonSpecCompliantPointerOrigin: false, moz:webdriverClick: true, pageLoadStrategy: normal, platform: XP, platformName: XP, platformVersion: 6.1, rotatable: false, timeouts: {implicit: 0, pageLoad: 300000, script: 30000}}
Session ID: e8bda4aa-4f3f-4f8e-9f93-bf2d575a1eb0
at sun.reflect.NativeConstructorAccessorImpl.newInstance0(Native Method)
at sun.reflect.NativeConstructorAccessorImpl.newInstance(NativeConstructorAccessorImpl.java:62)
at sun.reflect.DelegatingConstructorAccessorImpl.newInstance(DelegatingConstructorAccessorImpl.java:45)
at java.lang.reflect.Constructor.newInstance(Constructor.java:423)
at org.openqa.selenium.remote.http.W3CHttpResponseCodec.createException(W3CHttpResponseCodec.java:187)
at org.openqa.selenium.remote.http.W3CHttpResponseCodec.decode(W3CHttpResponseCodec.java:122)
at org.openqa.selenium.remote.http.W3CHttpResponseCodec.decode(W3CHttpResponseCodec.java:49)
at org.openqa.selenium.remote.HttpCommandExecutor.execute(HttpCommandExecutor.java:158)
at org.openqa.selenium.remote.service.DriverCommandExecutor.execute(DriverCommandExecutor.java:83)
at org.openqa.selenium.remote.RemoteWebDriver.execute(RemoteWebDriver.java:548)
at org.openqa.selenium.remote.RemoteWebElement.execute(RemoteWebElement.java:276)
at org.openqa.selenium.remote.RemoteWebElement.click(RemoteWebElement.java:83)
at sun.reflect.NativeMethodAccessorImpl.invoke0(Native Method)
at sun.reflect.NativeMethodAccessorImpl.invoke(NativeMethodAccessorImpl.java:62)
at sun.reflect.DelegatingMethodAccessorImpl.invoke(DelegatingMethodAccessorImpl.java:43)
at java.lang.reflect.Method.invoke(Method.java:498)
at org.openqa.selenium.support.pagefactory.internal.LocatingElementHandler.invoke(LocatingElementHandler.java:51)
at com.sun.proxy.$Proxy10.click(Unknown Source)
at POM.Enter_Time_Track.clickusers(Enter_Time_Track.java:30)
at Scripts.Users.test3(Users.java:20)
at sun.reflect.NativeMethodAccessorImpl.invoke0(Native Method)
at sun.reflect.NativeMethodAccessorImpl.invoke(NativeMethodAccessorImpl.java:62)
at sun.reflect.DelegatingMethodAccessorImpl.invoke(DelegatingMethodAccessorImpl.java:43)
at java.lang.reflect.Method.invoke(Method.java:498)
at org.testng.internal.MethodInvocationHelper.invokeMethod(MethodInvocationHelper.java:124)
at org.testng.internal.Invoker.invokeMethod(Invoker.java:580)
at org.testng.internal.Invoker.invokeTestMethod(Invoker.java:716)
at org.testng.internal.Invoker.invokeTestMethods(Invoker.java:988)
at org.testng.internal.TestMethodWorker.invokeTestMethods(TestMethodWorker.java:125)
at org.testng.internal.TestMethodWorker.run(TestMethodWorker.java:109)
at org.testng.TestRunner.privateRun(TestRunner.java:648)
at org.testng.TestRunner.run(TestRunner.java:505)
at org.testng.SuiteRunner.runTest(SuiteRunner.java:455)
at org.testng.SuiteRunner.access$000(SuiteRunner.java:40)
at org.testng.SuiteRunner$SuiteWorker.run(SuiteRunner.java:489)
at org.testng.internal.thread.ThreadUtil$1.call(ThreadUtil.java:52)
at java.util.concurrent.FutureTask.run(FutureTask.java:266)
at java.util.concurrent.ThreadPoolExecutor.runWorker(ThreadPoolExecutor.java:1142)
at java.util.concurrent.ThreadPoolExecutor$Worker.run(ThreadPoolExecutor.java:617)
at java.lang.Thread.run(Thread.java:748)
]]>
            </full-stacktrace>
          </exception> <!-- org.openqa.selenium.ElementClickInterceptedException -->
          <reporter-output>
            <line>
              <![CDATA[title matching]]>
            </line>
            <line>
              <![CDATA[element displayed]]>
            </line>
          </reporter-output>
        </test-method> <!-- test3 -->
        <test-method status="PASS" signature="aftermethod(org.testng.ITestResult)[pri:0, instance:Scripts.Users@42d8062c]" name="aftermethod" is-config="true" duration-ms="1333" started-at="2018-11-23T03:05:12Z" finished-at="2018-11-23T03:05:13Z">
          <params>
            <param index="0">
              <value>
                <![CDATA[[TestResult name=test3 status=FAILURE method=Users.test3()[pri:0, instance:Scripts.Users@42d8062c] output=title matching]]]>
              </value>
            </param>
          </params>
          <reporter-output>
          </reporter-output>
        </test-method> <!-- aftermethod -->
      </class> <!-- Scripts.Users -->
    </test> <!-- firefoxTest -->
    <test name="chromeTest" duration-ms="44162" started-at="2018-11-23T03:04:36Z" finished-at="2018-11-23T03:05:20Z">
      <class name="Scripts.login">
        <test-method status="PASS" signature="beforemethod(java.lang.String)[pri:0, instance:Scripts.login@7e2d773b]" name="beforemethod" is-config="true" duration-ms="14291" started-at="2018-11-23T03:04:36Z" finished-at="2018-11-23T03:04:51Z">
          <params>
            <param index="0">
              <value>
                <![CDATA[chrome]]>
              </value>
            </param>
          </params>
          <reporter-output>
          </reporter-output>
        </test-method> <!-- beforemethod -->
        <test-method status="PASS" signature="loginscript()[pri:0, instance:Scripts.login@7e2d773b]" name="loginscript" duration-ms="5418" started-at="2018-11-23T03:04:51Z" finished-at="2018-11-23T03:04:56Z">
          <reporter-output>
            <line>
              <![CDATA[title matching]]>
            </line>
          </reporter-output>
        </test-method> <!-- loginscript -->
        <test-method status="PASS" signature="aftermethod(org.testng.ITestResult)[pri:0, instance:Scripts.login@7e2d773b]" name="aftermethod" is-config="true" duration-ms="2362" started-at="2018-11-23T03:04:56Z" finished-at="2018-11-23T03:04:58Z">
          <params>
            <param index="0">
              <value>
                <![CDATA[[TestResult name=loginscript status=SUCCESS method=login.loginscript()[pri:0, instance:Scripts.login@7e2d773b] output=title matching]]]>
              </value>
            </param>
          </params>
          <reporter-output>
          </reporter-output>
        </test-method> <!-- aftermethod -->
      </class> <!-- Scripts.login -->
      <class name="Scripts.Users">
        <test-method status="PASS" signature="beforemethod(java.lang.String)[pri:0, instance:Scripts.Users@2173f6d9]" name="beforemethod" is-config="true" duration-ms="8795" started-at="2018-11-23T03:04:58Z" finished-at="2018-11-23T03:05:07Z">
          <params>
            <param index="0">
              <value>
                <![CDATA[chrome]]>
              </value>
            </param>
          </params>
          <reporter-output>
          </reporter-output>
        </test-method> <!-- beforemethod -->
        <test-method status="PASS" signature="test3()[pri:0, instance:Scripts.Users@2173f6d9]" name="test3" duration-ms="10940" started-at="2018-11-23T03:05:07Z" finished-at="2018-11-23T03:05:18Z">
          <reporter-output>
            <line>
              <![CDATA[title matching]]>
            </line>
            <line>
              <![CDATA[element displayed]]>
            </line>
            <line>
              <![CDATA[element displayed]]>
            </line>
          </reporter-output>
        </test-method> <!-- test3 -->
        <test-method status="PASS" signature="aftermethod(org.testng.ITestResult)[pri:0, instance:Scripts.Users@2173f6d9]" name="aftermethod" is-config="true" duration-ms="2337" started-at="2018-11-23T03:05:18Z" finished-at="2018-11-23T03:05:20Z">
          <params>
            <param index="0">
              <value>
                <![CDATA[[TestResult name=test3 status=SUCCESS method=Users.test3()[pri:0, instance:Scripts.Users@2173f6d9] output=title matching]]]>
              </value>
            </param>
          </params>
          <reporter-output>
          </reporter-output>
        </test-method> <!-- aftermethod -->
      </class> <!-- Scripts.Users -->
    </test> <!-- chromeTest -->
  </suite> <!-- Suite -->
</testng-results>
